<?xml version="1.0" encoding="UTF-8"?>
<testsuite name="com.game.kalah.service.KalahGamePlayFacadeTest" tests="3" skipped="0" failures="0" errors="0" timestamp="2020-12-25T01:17:11" hostname="aakash" time="0.004">
  <properties/>
  <testcase name="verifyExceptionThrown_IfInvalidMove()" classname="com.game.kalah.service.KalahGamePlayFacadeTest" time="0.001"/>
  <testcase name="verifyBoardState_WhenLastStoneIsLeft_CaptureOppositePlayerStones()" classname="com.game.kalah.service.KalahGamePlayFacadeTest" time="0.0"/>
  <testcase name="verifyBoardState_AfterSuccessfulMove()" classname="com.game.kalah.service.KalahGamePlayFacadeTest" time="0.001"/>
  <system-out><![CDATA[]]></system-out>
  <system-err><![CDATA[]]></system-err>
</testsuite>
