<?xml version="1.0" encoding="UTF-8"?>
<testsuite name="com.game.kalah.service.ComputerPlayerSchedulerTest" tests="1" skipped="0" failures="0" errors="0" timestamp="2020-12-25T01:17:12" hostname="aakash" time="0.012">
  <properties/>
  <testcase name="computerMove()" classname="com.game.kalah.service.ComputerPlayerSchedulerTest" time="0.012"/>
  <system-out><![CDATA[]]></system-out>
  <system-err><![CDATA[]]></system-err>
</testsuite>
