<?xml version="1.0" encoding="UTF-8"?>
<testsuite name="com.game.kalah.service.PlayerServiceTest" tests="1" skipped="0" failures="0" errors="0" timestamp="2020-12-25T01:17:12" hostname="aakash" time="0.029">
  <properties/>
  <testcase name="createPlayers()" classname="com.game.kalah.service.PlayerServiceTest" time="0.029"/>
  <system-out><![CDATA[]]></system-out>
  <system-err><![CDATA[]]></system-err>
</testsuite>
